[2026-02-23 07:36:36] [INFO] [system] 🤖 Found 1 active bots to initialize. 
[2026-02-23 07:36:49] [INFO] [697fa459e6b424807191fbe2] ✅ alice successfully connected to Discord! 
[2026-02-23 07:36:49] [INFO] [system] 🚀 Alice Dashboard API running at http://localhost:3000 
[2026-02-23 07:36:49] [INFO] [697fa459e6b424807191fbe2] ✅ alice logged in as Alice#4149 
[2026-02-23 07:37:46] [INFO] [system] GET /api/logs/stream?token=*** 
[2026-02-23 07:37:46] [INFO] [system] GET /api/bots 
[2026-02-23 07:37:46] [INFO] [system] GET /api/bots 
[2026-02-23 07:37:48] [INFO] [system] POST /api/auth/refresh 
[2026-02-23 07:37:48] [INFO] [system] POST /api/auth/refresh 
[2026-02-23 07:38:16] [INFO] [system] GET /api/bots 
[2026-02-23 07:38:16] [INFO] [system] GET /api/bots 
[2026-02-23 07:38:16] [INFO] [system] GET /api/channels 
[2026-02-23 07:38:16] [INFO] [system] GET /api/ai/models?apiKey= 
[2026-02-23 07:38:16] [INFO] [system] GET /api/ai/models?apiKey= 
[2026-02-23 07:38:16] [INFO] [system] GET /api/channels 
[2026-02-23 07:38:16] [INFO] [system] POST /api/auth/refresh 
[2026-02-23 07:38:16] [INFO] [system] POST /api/auth/refresh 
[2026-02-23 07:38:16] [INFO] [system] POST /api/auth/refresh 
[2026-02-23 07:38:16] [INFO] [system] POST /api/auth/refresh 
[2026-02-23 07:38:16] [INFO] [system] POST /api/auth/refresh 
[2026-02-23 07:38:16] [INFO] [system] POST /api/auth/refresh 
[2026-02-23 07:38:21] [INFO] [system] GET /api/conversations 
[2026-02-23 07:38:21] [INFO] [system] GET /api/bots 
[2026-02-23 07:38:21] [INFO] [system] GET /api/conversations 
[2026-02-23 07:38:21] [INFO] [system] GET /api/bots 
[2026-02-23 07:38:21] [INFO] [system] POST /api/auth/refresh 
[2026-02-23 07:38:21] [INFO] [system] POST /api/auth/refresh 
[2026-02-23 07:38:21] [INFO] [system] POST /api/auth/refresh 
[2026-02-23 07:38:21] [INFO] [system] POST /api/auth/refresh 
[2026-02-23 07:38:34] [INFO] [system] POST /api/auth/login 
[2026-02-23 07:38:35] [INFO] [system] GET /api/bots 
[2026-02-23 07:38:35] [INFO] [system] GET /api/logs/stream?token=*** 
[2026-02-23 07:38:35] [INFO] [system] GET /api/bots 
[2026-02-23 07:38:38] [INFO] [system] GET /api/bots 
[2026-02-23 07:38:38] [INFO] [system] GET /api/channels 
[2026-02-23 07:38:38] [INFO] [system] GET /api/ai/models?apiKey= 
[2026-02-23 07:38:38] [INFO] [system] GET /api/bots 
[2026-02-23 07:38:38] [INFO] [system] GET /api/channels 
[2026-02-23 07:38:38] [INFO] [system] GET /api/ai/models?apiKey= 
[2026-02-23 07:38:42] [INFO] [system] GET /api/conversations 
[2026-02-23 07:38:42] [INFO] [system] GET /api/bots 
[2026-02-23 07:38:42] [INFO] [system] GET /api/bots 
[2026-02-23 07:38:42] [INFO] [system] GET /api/conversations 
[2026-02-23 07:38:48] [INFO] [system] GET /api/knowledge 
[2026-02-23 07:38:48] [INFO] [system] GET /api/bots 
[2026-02-23 07:38:48] [INFO] [system] GET /api/conversations 
[2026-02-23 07:38:48] [INFO] [system] GET /api/bots 
[2026-02-23 07:38:48] [INFO] [system] GET /api/knowledge 
[2026-02-23 07:38:48] [INFO] [system] GET /api/conversations 
[2026-02-23 07:38:49] [INFO] [system] GET /api/knowledge 
[2026-02-23 07:38:49] [INFO] [system] GET /api/bots 
[2026-02-23 07:38:49] [INFO] [system] GET /api/knowledge 
[2026-02-23 07:38:49] [INFO] [system] GET /api/bots 
[2026-02-23 07:38:49] [INFO] [system] GET /api/conversations 
[2026-02-23 07:38:49] [INFO] [system] GET /api/bots 
[2026-02-23 07:38:49] [INFO] [system] GET /api/bots 
[2026-02-23 07:38:50] [INFO] [system] GET /api/conversations 
[2026-02-23 07:38:50] [INFO] [system] GET /api/bots 
[2026-02-23 07:38:50] [INFO] [system] GET /api/channels 
[2026-02-23 07:38:50] [INFO] [system] GET /api/ai/models?apiKey= 
[2026-02-23 07:38:50] [INFO] [system] GET /api/bots 
[2026-02-23 07:38:50] [INFO] [system] GET /api/channels 
[2026-02-23 07:38:50] [INFO] [system] GET /api/ai/models?apiKey= 
[2026-02-23 07:38:51] [INFO] [system] GET /api/bots 
[2026-02-23 07:38:51] [INFO] [system] GET /api/channels 
[2026-02-23 07:38:51] [INFO] [system] GET /api/posts 
[2026-02-23 07:38:51] [INFO] [system] GET /api/guilds 
[2026-02-23 07:38:51] [INFO] [system] GET /api/bots 
[2026-02-23 07:38:51] [INFO] [system] GET /api/posts 
[2026-02-23 07:38:51] [INFO] [system] GET /api/guilds 
[2026-02-23 07:38:51] [INFO] [system] GET /api/channels 
[2026-02-23 07:38:52] [INFO] [system] GET /api/guilds 
[2026-02-23 07:38:52] [INFO] [system] GET /api/bots 
[2026-02-23 07:38:52] [INFO] [system] GET /api/bots 
[2026-02-23 07:38:52] [INFO] [system] GET /api/guilds 
[2026-02-23 07:39:00] [INFO] [system] GET /api/campaigns 
[2026-02-23 07:39:00] [INFO] [system] GET /api/bots 
[2026-02-23 07:39:00] [INFO] [system] GET /api/channels 
[2026-02-23 07:39:00] [INFO] [system] GET /api/bots 
[2026-02-23 07:39:00] [INFO] [system] GET /api/channels 
[2026-02-23 07:39:00] [INFO] [system] GET /api/campaigns 
[2026-02-23 07:39:01] [INFO] [system] GET /api/bots 
[2026-02-23 07:39:01] [INFO] [system] GET /api/channels 
[2026-02-23 07:39:01] [INFO] [system] GET /api/ai/models?apiKey= 
[2026-02-23 07:39:01] [INFO] [system] GET /api/bots 
[2026-02-23 07:39:01] [INFO] [system] GET /api/channels 
[2026-02-23 07:39:01] [INFO] [system] GET /api/ai/models?apiKey= 
[2026-02-23 07:41:16] [INFO] [system] GET /api/posts 
[2026-02-23 07:41:17] [INFO] [system] GET /api/bots 
[2026-02-23 07:41:17] [INFO] [system] GET /api/channels 
[2026-02-23 07:41:17] [INFO] [system] GET /api/guilds 
[2026-02-23 07:41:17] [INFO] [system] GET /api/posts 
[2026-02-23 07:41:17] [INFO] [system] GET /api/bots 
[2026-02-23 07:41:17] [INFO] [system] GET /api/guilds 
[2026-02-23 07:41:17] [INFO] [system] GET /api/channels 
[2026-02-23 07:45:38] [INFO] [system] GET /api/bots 
[2026-02-23 07:45:38] [INFO] [system] GET /api/bots 
[2026-02-23 07:45:38] [INFO] [system] GET /api/channels 
[2026-02-23 07:45:38] [INFO] [system] GET /api/ai/models?apiKey= 
[2026-02-23 07:45:39] [INFO] [system] GET /api/channels 
[2026-02-23 07:45:39] [INFO] [system] GET /api/ai/models?apiKey= 
[2026-02-23 07:45:48] [INFO] [system] GET /api/knowledge 
[2026-02-23 07:45:48] [INFO] [system] GET /api/bots 
[2026-02-23 07:45:48] [INFO] [system] GET /api/knowledge 
[2026-02-23 07:45:48] [INFO] [system] GET /api/bots 
[2026-02-23 07:48:17] [INFO] [system] 🤖 Found 1 active bots to initialize. 
[2026-02-23 07:48:19] [INFO] [697fa459e6b424807191fbe2] ✅ alice successfully connected to Discord! 
[2026-02-23 07:48:19] [INFO] [system] 🚀 Dashboard API is running on http://localhost:3000 
[2026-02-23 07:48:20] [INFO] [697fa459e6b424807191fbe2] ✅ alice logged in as Alice#4149 
[2026-02-23 07:56:20] [INFO] [system] GET /api/conversations 
[2026-02-23 07:56:20] [INFO] [system] GET /api/bots 
[2026-02-23 07:56:20] [INFO] [system] GET /api/conversations 
[2026-02-23 07:56:20] [INFO] [system] GET /api/bots 
[2026-02-23 07:56:20] [INFO] [system] POST /api/auth/refresh 
[2026-02-23 07:56:20] [INFO] [system] POST /api/auth/refresh 
[2026-02-23 07:56:20] [INFO] [system] POST /api/auth/refresh 
[2026-02-23 07:56:20] [INFO] [system] POST /api/auth/refresh 
[2026-02-23 07:56:21] [INFO] [system] GET /api/conversations 
[2026-02-23 07:56:21] [INFO] [system] GET /api/bots 
[2026-02-23 07:56:21] [INFO] [system] GET /api/knowledge 
[2026-02-23 07:56:21] [INFO] [system] GET /api/conversations 
[2026-02-23 07:56:21] [INFO] [system] GET /api/knowledge 
[2026-02-23 07:56:21] [INFO] [system] GET /api/bots 
[2026-02-23 07:56:21] [INFO] [system] GET /api/bots 
[2026-02-23 07:56:21] [INFO] [system] GET /api/bots 
[2026-02-23 07:56:25] [INFO] [system] GET /api/knowledge 
[2026-02-23 07:56:25] [INFO] [system] GET /api/bots 
[2026-02-23 07:56:25] [INFO] [system] GET /api/conversations 
[2026-02-23 07:56:25] [INFO] [system] GET /api/knowledge 
[2026-02-23 07:56:25] [INFO] [system] GET /api/bots 
[2026-02-23 07:56:25] [INFO] [system] GET /api/conversations 
[2026-02-23 07:56:42] [INFO] [system] GET /api/conversations 
[2026-02-23 07:56:42] [INFO] [system] GET /api/bots 
[2026-02-23 07:56:42] [INFO] [system] GET /api/bots 
[2026-02-23 07:56:42] [INFO] [system] GET /api/conversations 
[2026-02-23 07:59:26] [INFO] [system] GET /api/conversations 
[2026-02-23 07:59:26] [INFO] [system] GET /api/bots 
[2026-02-23 07:59:26] [INFO] [system] GET /api/logs/stream?token=*** 
[2026-02-23 07:59:26] [INFO] [system] GET /api/bots 
[2026-02-23 07:59:26] [INFO] [system] GET /api/bots 
[2026-02-23 07:59:26] [INFO] [system] GET /api/bots 
[2026-02-23 07:59:26] [INFO] [system] GET /api/conversations 
