[2026-02-15 15:14:57] [INFO] [system] 🤖 Found 1 active bots to initialize. 
[2026-02-15 15:15:00] [INFO] [697fa459e6b424807191fbe2] ✅ alice successfully connected to Discord! 
[2026-02-15 15:15:00] [INFO] [system] 🚀 Alice Dashboard API running at http://localhost:3000 
[2026-02-15 15:15:00] [INFO] [697fa459e6b424807191fbe2] ✅ alice logged in as Alice#4149 
[2026-02-15 15:16:02] [INFO] [system] 🤖 Found 1 active bots to initialize. 
[2026-02-15 15:16:03] [INFO] [697fa459e6b424807191fbe2] ✅ alice successfully connected to Discord! 
[2026-02-15 15:16:03] [INFO] [system] 🚀 Alice Dashboard API running at http://localhost:3000 
[2026-02-15 15:16:03] [INFO] [697fa459e6b424807191fbe2] ✅ alice logged in as Alice#4149 
[2026-02-15 15:16:20] [INFO] [system] GET /api/logs/stream?token=eyJhbGciOiJIUzI1NiIsInR5cCI6IkpXVCJ9.eyJpZCI6IjY5OGY2ODkxN2YxYWNiNGQ1NGRiZjQ0YyIsInVzZXJuYW1lIjoiYWRtaW4iLCJyb2xlIjoiYWRtaW4iLCJpYXQiOjE3NzExNDMwMDYsImV4cCI6MTc3MTE0MzkwNn0.jIKPHEK3pVdPpHg7CBOeVygrkF0QzryhG_ibllwlAEk 
[2026-02-15 15:16:20] [INFO] [system] GET /api/guilds 
[2026-02-15 15:16:21] [INFO] [system] GET /api/bots 
[2026-02-15 15:16:21] [INFO] [system] GET /api/guilds 
[2026-02-15 15:16:21] [INFO] [system] GET /api/bots 
[2026-02-15 15:16:21] [INFO] [system] GET /api/bots 
[2026-02-15 15:16:21] [INFO] [system] GET /api/bots 
[2026-02-15 15:17:43] [INFO] [system] GET /api/guilds 
[2026-02-15 15:17:43] [INFO] [system] GET /api/bots 
[2026-02-15 15:17:43] [INFO] [system] GET /api/logs/stream?token=eyJhbGciOiJIUzI1NiIsInR5cCI6IkpXVCJ9.eyJpZCI6IjY5OGY2ODkxN2YxYWNiNGQ1NGRiZjQ0YyIsInVzZXJuYW1lIjoiYWRtaW4iLCJyb2xlIjoiYWRtaW4iLCJpYXQiOjE3NzExNDMwMDYsImV4cCI6MTc3MTE0MzkwNn0.jIKPHEK3pVdPpHg7CBOeVygrkF0QzryhG_ibllwlAEk 
[2026-02-15 15:17:43] [INFO] [system] GET /api/guilds 
[2026-02-15 15:17:43] [INFO] [system] GET /api/bots 
[2026-02-15 15:17:43] [INFO] [system] GET /api/bots 
[2026-02-15 15:17:43] [INFO] [system] GET /api/bots 
[2026-02-15 15:18:26] [INFO] [system] GET /api/guilds 
[2026-02-15 15:18:26] [INFO] [system] GET /api/bots 
[2026-02-15 15:18:26] [INFO] [system] GET /api/guilds 
[2026-02-15 15:18:26] [INFO] [system] GET /api/bots 
[2026-02-15 15:18:26] [INFO] [system] GET /api/bots 
[2026-02-15 15:18:26] [INFO] [system] GET /api/channels 
[2026-02-15 15:18:26] [INFO] [system] GET /api/ai/models?apiKey= 
[2026-02-15 15:18:26] [INFO] [system] GET /api/bots 
[2026-02-15 15:18:26] [INFO] [system] GET /api/channels 
[2026-02-15 15:18:26] [INFO] [system] GET /api/ai/models?apiKey= 
[2026-02-15 15:20:23] [INFO] [system] GET /api/bots 
[2026-02-15 15:20:23] [INFO] [system] GET /api/logs/stream?token=eyJhbGciOiJIUzI1NiIsInR5cCI6IkpXVCJ9.eyJpZCI6IjY5OGY2ODkxN2YxYWNiNGQ1NGRiZjQ0YyIsInVzZXJuYW1lIjoiYWRtaW4iLCJyb2xlIjoiYWRtaW4iLCJpYXQiOjE3NzExNDMwMDYsImV4cCI6MTc3MTE0MzkwNn0.jIKPHEK3pVdPpHg7CBOeVygrkF0QzryhG_ibllwlAEk 
[2026-02-15 15:21:14] [INFO] [system] GET /api/bots 
[2026-02-15 15:21:14] [INFO] [system] GET /api/logs/stream?token=eyJhbGciOiJIUzI1NiIsInR5cCI6IkpXVCJ9.eyJpZCI6IjY5OGY2ODkxN2YxYWNiNGQ1NGRiZjQ0YyIsInVzZXJuYW1lIjoiYWRtaW4iLCJyb2xlIjoiYWRtaW4iLCJpYXQiOjE3NzExNDMwMDYsImV4cCI6MTc3MTE0MzkwNn0.jIKPHEK3pVdPpHg7CBOeVygrkF0QzryhG_ibllwlAEk 
[2026-02-15 15:21:14] [INFO] [system] GET /api/channels 
[2026-02-15 15:21:14] [INFO] [system] GET /api/ai/models?apiKey= 
[2026-02-15 15:21:14] [INFO] [system] GET /api/bots 
[2026-02-15 15:21:14] [INFO] [system] GET /api/bots 
[2026-02-15 15:21:14] [INFO] [system] GET /api/channels 
[2026-02-15 15:21:14] [INFO] [system] GET /api/bots 
[2026-02-15 15:21:14] [INFO] [system] GET /api/ai/models?apiKey= 
[2026-02-15 15:21:45] [INFO] [system] GET /api/bots 
[2026-02-15 15:21:45] [INFO] [system] GET /api/channels 
[2026-02-15 15:21:45] [INFO] [system] GET /api/ai/models?apiKey= 
[2026-02-15 15:21:45] [INFO] [system] GET /api/bots 
[2026-02-15 15:21:45] [INFO] [system] GET /api/channels 
[2026-02-15 15:21:45] [INFO] [system] GET /api/ai/models?apiKey= 
[2026-02-15 15:21:45] [INFO] [system] GET /api/bots 
[2026-02-15 15:21:45] [INFO] [system] GET /api/conversations 
[2026-02-15 15:21:45] [INFO] [system] GET /api/bots 
[2026-02-15 15:21:46] [INFO] [system] GET /api/conversations 
[2026-02-15 15:21:47] [INFO] [system] GET /api/bots 
[2026-02-15 15:21:47] [INFO] [system] GET /api/channels 
[2026-02-15 15:21:47] [INFO] [system] GET /api/ai/models?apiKey= 
[2026-02-15 15:21:47] [INFO] [system] GET /api/bots 
[2026-02-15 15:21:47] [INFO] [system] GET /api/ai/models?apiKey= 
[2026-02-15 15:21:47] [INFO] [system] GET /api/channels 
[2026-02-15 15:21:50] [INFO] [system] GET /api/bots 
[2026-02-15 15:21:50] [INFO] [system] GET /api/knowledge 
[2026-02-15 15:21:50] [INFO] [system] GET /api/bots 
[2026-02-15 15:21:50] [INFO] [system] GET /api/knowledge 
[2026-02-15 15:21:50] [INFO] [system] GET /api/conversations 
[2026-02-15 15:21:50] [INFO] [system] GET /api/bots 
[2026-02-15 15:21:50] [INFO] [system] GET /api/bots 
[2026-02-15 15:21:50] [INFO] [system] GET /api/conversations 
[2026-02-15 15:22:03] [INFO] [system] POST /api/chat 
[2026-02-15 15:22:16] [INFO] [system] GET /api/bots 
[2026-02-15 15:22:16] [INFO] [system] GET /api/channels 
[2026-02-15 15:22:16] [INFO] [system] GET /api/ai/models?apiKey= 
[2026-02-15 15:22:16] [INFO] [system] GET /api/bots 
[2026-02-15 15:22:16] [INFO] [system] GET /api/channels 
[2026-02-15 15:22:16] [INFO] [system] GET /api/ai/models?apiKey= 
[2026-02-15 15:23:57] [INFO] [system] GET /api/bots 
[2026-02-15 15:23:58] [INFO] [system] GET /api/bots 
[2026-02-15 15:23:58] [INFO] [system] GET /api/bots 
[2026-02-15 15:23:59] [INFO] [system] GET /api/bots 
[2026-02-15 15:23:59] [INFO] [system] GET /api/bots 
[2026-02-15 15:23:59] [INFO] [system] GET /api/bots 
[2026-02-15 15:24:33] [INFO] [system] GET /api/posts 
[2026-02-15 15:24:33] [INFO] [system] GET /api/bots 
[2026-02-15 15:24:33] [INFO] [system] GET /api/channels 
[2026-02-15 15:24:33] [INFO] [system] GET /api/guilds 
[2026-02-15 15:24:33] [INFO] [system] GET /api/posts 
[2026-02-15 15:24:33] [INFO] [system] GET /api/bots 
[2026-02-15 15:24:33] [INFO] [system] GET /api/guilds 
[2026-02-15 15:24:33] [INFO] [system] GET /api/channels 
[2026-02-15 15:25:03] [INFO] [system] GET /api/conversations 
[2026-02-15 15:25:03] [INFO] [system] GET /api/bots 
[2026-02-15 15:25:03] [INFO] [system] GET /api/bots 
[2026-02-15 15:25:04] [INFO] [system] GET /api/conversations 
[2026-02-15 15:25:04] [INFO] [system] GET /api/bots 
[2026-02-15 15:25:04] [INFO] [system] GET /api/channels 
[2026-02-15 15:25:04] [INFO] [system] GET /api/ai/models?apiKey= 
[2026-02-15 15:25:04] [INFO] [system] GET /api/bots 
[2026-02-15 15:25:04] [INFO] [system] GET /api/channels 
[2026-02-15 15:25:04] [INFO] [system] GET /api/ai/models?apiKey= 
[2026-02-15 15:25:45] [INFO] [system] GET /api/conversations 
[2026-02-15 15:25:45] [INFO] [system] GET /api/bots 
[2026-02-15 15:25:45] [INFO] [system] GET /api/conversations 
[2026-02-15 15:25:45] [INFO] [system] GET /api/bots 
[2026-02-15 15:25:45] [INFO] [system] POST /api/auth/refresh 
[2026-02-15 15:25:45] [INFO] [system] POST /api/auth/refresh 
[2026-02-15 15:25:46] [INFO] [system] POST /api/auth/refresh 
[2026-02-15 15:25:46] [INFO] [system] POST /api/auth/refresh 
[2026-02-15 15:25:46] [INFO] [system] GET /api/conversations 
[2026-02-15 15:25:46] [INFO] [system] GET /api/bots 
[2026-02-15 15:25:46] [INFO] [system] GET /api/conversations 
[2026-02-15 15:25:46] [INFO] [system] GET /api/bots 
[2026-02-15 15:25:46] [INFO] [system] GET /api/bots 
[2026-02-15 15:25:46] [INFO] [system] GET /api/posts 
[2026-02-15 15:25:46] [INFO] [system] GET /api/channels 
[2026-02-15 15:25:46] [INFO] [system] GET /api/guilds 
[2026-02-15 15:25:46] [INFO] [system] GET /api/bots 
[2026-02-15 15:25:46] [INFO] [system] GET /api/posts 
[2026-02-15 15:25:47] [INFO] [system] GET /api/guilds 
[2026-02-15 15:25:47] [INFO] [system] GET /api/channels 
[2026-02-15 15:25:48] [INFO] [system] GET /api/bots 
[2026-02-15 15:25:48] [INFO] [system] GET /api/channels 
[2026-02-15 15:25:48] [INFO] [system] GET /api/guilds 
[2026-02-15 15:25:48] [INFO] [system] GET /api/schedules 
[2026-02-15 15:25:49] [INFO] [system] GET /api/bots 
[2026-02-15 15:25:49] [INFO] [system] GET /api/channels 
[2026-02-15 15:25:49] [INFO] [system] GET /api/guilds 
[2026-02-15 15:25:49] [INFO] [system] GET /api/scripts 
[2026-02-15 15:25:49] [INFO] [system] GET /api/posts 
[2026-02-15 15:25:49] [INFO] [system] GET /api/bots 
[2026-02-15 15:25:49] [INFO] [system] GET /api/channels 
[2026-02-15 15:25:49] [INFO] [system] GET /api/guilds 
[2026-02-15 15:25:50] [INFO] [system] GET /api/schedules 
[2026-02-15 15:25:50] [INFO] [system] GET /api/bots 
[2026-02-15 15:25:50] [INFO] [system] GET /api/channels 
[2026-02-15 15:25:50] [INFO] [system] GET /api/guilds 
[2026-02-15 15:25:50] [INFO] [system] GET /api/posts 
[2026-02-15 15:25:50] [INFO] [system] GET /api/bots 
[2026-02-15 15:25:50] [INFO] [system] GET /api/channels 
[2026-02-15 15:25:50] [INFO] [system] GET /api/guilds 
[2026-02-15 15:26:11] [INFO] [system] GET /api/bots 
[2026-02-15 15:26:11] [INFO] [system] GET /api/channels 
[2026-02-15 15:26:11] [INFO] [system] GET /api/ai/models?apiKey= 
[2026-02-15 15:26:11] [INFO] [system] GET /api/bots 
[2026-02-15 15:26:11] [INFO] [system] GET /api/channels 
[2026-02-15 15:26:11] [INFO] [system] GET /api/ai/models?apiKey= 
[2026-02-15 15:26:29] [INFO] [system] GET /api/knowledge 
[2026-02-15 15:26:29] [INFO] [system] GET /api/bots 
[2026-02-15 15:26:29] [INFO] [system] GET /api/knowledge 
[2026-02-15 15:26:29] [INFO] [system] GET /api/bots 
[2026-02-15 15:26:34] [INFO] [system] GET /api/bots 
[2026-02-15 15:26:34] [INFO] [system] GET /api/conversations 
[2026-02-15 15:26:34] [INFO] [system] GET /api/bots 
[2026-02-15 15:26:35] [INFO] [system] GET /api/conversations 
[2026-02-15 15:26:35] [INFO] [system] GET /api/bots 
[2026-02-15 15:26:35] [INFO] [system] GET /api/channels 
[2026-02-15 15:26:35] [INFO] [system] GET /api/ai/models?apiKey= 
[2026-02-15 15:26:35] [INFO] [system] GET /api/bots 
[2026-02-15 15:26:35] [INFO] [system] GET /api/channels 
[2026-02-15 15:26:35] [INFO] [system] GET /api/ai/models?apiKey= 
[2026-02-15 15:26:36] [INFO] [system] GET /api/bots 
[2026-02-15 15:26:36] [INFO] [system] GET /api/channels 
[2026-02-15 15:26:36] [INFO] [system] GET /api/posts 
[2026-02-15 15:26:36] [INFO] [system] GET /api/guilds 
[2026-02-15 15:26:36] [INFO] [system] GET /api/bots 
[2026-02-15 15:26:36] [INFO] [system] GET /api/posts 
[2026-02-15 15:26:36] [INFO] [system] GET /api/guilds 
[2026-02-15 15:26:36] [INFO] [system] GET /api/channels 
[2026-02-15 15:26:47] [INFO] [system] GET /api/guilds 
[2026-02-15 15:26:47] [INFO] [system] GET /api/bots 
[2026-02-15 15:26:47] [INFO] [system] GET /api/guilds 
[2026-02-15 15:26:47] [INFO] [system] GET /api/bots 
[2026-02-15 15:26:50] [INFO] [system] GET /api/guilds/1417747255804428341/discord-channels 
[2026-02-15 15:26:50] [INFO] [system] GET /api/channels 
[2026-02-15 15:26:51] [INFO] [system] GET /api/guilds/1415320696556359730/discord-channels 
[2026-02-15 15:26:51] [INFO] [system] GET /api/channels 
[2026-02-15 15:27:00] [INFO] [system] POST /api/guilds/1415320696556359730/sync-channels 
[2026-02-15 15:27:00] [INFO] [system] GET /api/guilds/1415320696556359730/discord-channels 
[2026-02-15 15:27:01] [INFO] [system] GET /api/channels 
[2026-02-15 15:27:10] [INFO] [system] POST /api/guilds/1415320696556359730/sync-channels 
[2026-02-15 15:27:10] [INFO] [system] GET /api/guilds/1415320696556359730/discord-channels 
[2026-02-15 15:27:11] [INFO] [system] GET /api/channels 
[2026-02-15 15:27:26] [INFO] [system] POST /api/guilds/1415320696556359730/sync-channels 
[2026-02-15 15:27:26] [INFO] [system] GET /api/guilds/1415320696556359730/discord-channels 
[2026-02-15 15:27:27] [INFO] [system] GET /api/channels 
[2026-02-15 15:27:44] [INFO] [system] POST /api/guilds/1415320696556359730/sync-channels 
[2026-02-15 15:27:44] [INFO] [system] GET /api/guilds/1415320696556359730/discord-channels 
[2026-02-15 15:27:44] [INFO] [system] GET /api/channels 
[2026-02-15 15:27:59] [INFO] [system] GET /api/guilds/1417747255804428341/discord-channels 
[2026-02-15 15:27:59] [INFO] [system] GET /api/channels 
[2026-02-15 15:28:09] [INFO] [system] POST /api/guilds/1417747255804428341/sync-channels 
[2026-02-15 15:28:09] [INFO] [system] GET /api/guilds/1417747255804428341/discord-channels 
[2026-02-15 15:28:09] [INFO] [system] GET /api/channels 
[2026-02-15 15:28:18] [INFO] [system] GET /api/posts 
[2026-02-15 15:28:18] [INFO] [system] GET /api/bots 
[2026-02-15 15:28:18] [INFO] [system] GET /api/channels 
[2026-02-15 15:28:18] [INFO] [system] GET /api/guilds 
[2026-02-15 15:28:18] [INFO] [system] GET /api/posts 
[2026-02-15 15:28:18] [INFO] [system] GET /api/bots 
[2026-02-15 15:28:18] [INFO] [system] GET /api/guilds 
[2026-02-15 15:28:18] [INFO] [system] GET /api/channels 
[2026-02-15 15:29:12] [INFO] [system] GET /api/bots 
[2026-02-15 15:29:12] [INFO] [system] GET /api/channels 
[2026-02-15 15:29:12] [INFO] [system] GET /api/schedules 
[2026-02-15 15:29:12] [INFO] [system] GET /api/guilds 
[2026-02-15 15:29:13] [INFO] [system] GET /api/bots 
[2026-02-15 15:29:13] [INFO] [system] GET /api/channels 
[2026-02-15 15:29:13] [INFO] [system] GET /api/guilds 
[2026-02-15 15:29:13] [INFO] [system] GET /api/scripts 
[2026-02-15 15:29:14] [INFO] [system] GET /api/schedules 
[2026-02-15 15:29:14] [INFO] [system] GET /api/bots 
[2026-02-15 15:29:14] [INFO] [system] GET /api/channels 
[2026-02-15 15:29:14] [INFO] [system] GET /api/guilds 
[2026-02-15 15:29:14] [INFO] [system] GET /api/bots 
[2026-02-15 15:29:14] [INFO] [system] GET /api/channels 
[2026-02-15 15:29:14] [INFO] [system] GET /api/guilds 
[2026-02-15 15:29:14] [INFO] [system] GET /api/posts 
[2026-02-15 15:29:15] [INFO] [system] GET /api/schedules 
[2026-02-15 15:29:15] [INFO] [system] GET /api/bots 
[2026-02-15 15:29:15] [INFO] [system] GET /api/channels 
[2026-02-15 15:29:15] [INFO] [system] GET /api/guilds 
[2026-02-15 15:29:16] [INFO] [system] GET /api/posts 
[2026-02-15 15:29:16] [INFO] [system] GET /api/bots 
[2026-02-15 15:29:16] [INFO] [system] GET /api/channels 
[2026-02-15 15:29:16] [INFO] [system] GET /api/guilds 
[2026-02-15 15:50:21] [INFO] [system] 🤖 Found 1 active bots to initialize. 
[2026-02-15 15:50:24] [INFO] [697fa459e6b424807191fbe2] ✅ alice successfully connected to Discord! 
[2026-02-15 15:50:25] [INFO] [system] 🚀 Alice Dashboard API running at http://localhost:3000 
[2026-02-15 15:50:25] [INFO] [697fa459e6b424807191fbe2] ✅ alice logged in as Alice#4149 
[2026-02-15 15:53:35] [INFO] [system] GET /api/logs/stream?token=*** 
[2026-02-15 15:53:35] [INFO] [system] GET /api/bots 
[2026-02-15 15:53:35] [INFO] [system] GET /api/bots 
[2026-02-15 15:53:35] [INFO] [system] POST /api/auth/refresh 
[2026-02-15 15:53:35] [INFO] [system] POST /api/auth/refresh 
[2026-02-15 15:53:35] [INFO] [system] GET /api/bots 
[2026-02-15 15:53:35] [INFO] [system] GET /api/bots 
[2026-02-15 15:54:00] [INFO] [system] GET /api/campaigns 
[2026-02-15 15:54:01] [INFO] [system] GET /api/bots 
[2026-02-15 15:54:01] [INFO] [system] GET /api/channels 
[2026-02-15 15:54:01] [INFO] [system] GET /api/bots 
[2026-02-15 15:54:01] [INFO] [system] GET /api/campaigns 
[2026-02-15 15:54:01] [INFO] [system] GET /api/channels 
[2026-02-15 15:54:05] [INFO] [system] GET /api/campaigns 
[2026-02-15 15:54:05] [INFO] [system] GET /api/bots 
[2026-02-15 15:54:05] [INFO] [system] GET /api/channels 
[2026-02-15 15:54:05] [INFO] [system] GET /api/bots 
[2026-02-15 15:54:05] [INFO] [system] GET /api/campaigns 
[2026-02-15 15:54:05] [INFO] [system] GET /api/channels 
[2026-02-15 15:54:07] [INFO] [system] GET /api/campaigns/699187eb8ee36ad8bbdb24bf/chapters 
[2026-02-15 15:54:55] [INFO] [system] PATCH /api/campaigns/699187eb8ee36ad8bbdb24bf 
[2026-02-15 15:54:55] [INFO] [system] GET /api/campaigns 
[2026-02-15 15:54:55] [INFO] [system] GET /api/bots 
[2026-02-15 15:54:55] [INFO] [system] GET /api/channels 
[2026-02-15 15:55:05] [INFO] [system] POST /api/chapters/699187fb8ee36ad8bbdb24c3/regenerate-content 
[2026-02-15 15:55:24] [INFO] [system] GET /api/campaigns/699187eb8ee36ad8bbdb24bf/chapters 
[2026-02-15 15:55:28] [INFO] [system] PATCH /api/campaigns/699187eb8ee36ad8bbdb24bf 
[2026-02-15 15:55:28] [INFO] [system] GET /api/campaigns 
[2026-02-15 15:55:28] [INFO] [system] GET /api/bots 
[2026-02-15 15:55:28] [INFO] [system] GET /api/channels 
[2026-02-15 15:55:30] [INFO] [system] GET /api/campaigns/699187eb8ee36ad8bbdb24bf/chapters 
[2026-02-15 15:55:32] [INFO] [system] POST /api/campaigns/699187eb8ee36ad8bbdb24bf/generate 
[2026-02-15 15:55:50] [INFO] [system] GET /api/campaigns/699187eb8ee36ad8bbdb24bf/chapters 
[2026-02-15 15:56:44] [INFO] [system] POST /api/chapters/699187fb8ee36ad8bbdb24c3/regenerate-image 
[2026-02-15 15:56:46] [INFO] [system] POST /api/chapters/69918a16119080e16368124e/regenerate-image 
[2026-02-15 15:56:56] [INFO] [system] GET /api/campaigns 
[2026-02-15 15:56:56] [INFO] [system] GET /api/bots 
[2026-02-15 15:56:56] [INFO] [system] GET /api/channels 
[2026-02-15 15:56:56] [INFO] [system] GET /api/logs/stream?token=*** 
[2026-02-15 15:56:56] [INFO] [system] GET /api/bots 
[2026-02-15 15:56:56] [INFO] [system] GET /api/campaigns 
[2026-02-15 15:56:56] [INFO] [system] GET /api/bots 
[2026-02-15 15:56:56] [INFO] [system] GET /api/channels 
[2026-02-15 15:56:56] [INFO] [system] GET /api/bots 
[2026-02-15 15:56:58] [INFO] [system] GET /api/bots 
[2026-02-15 15:56:58] [INFO] [system] GET /api/logs/stream?token=*** 
[2026-02-15 15:56:58] [INFO] [system] GET /api/bots 
[2026-02-15 15:57:05] [INFO] [system] GET /api/logs/stream?token=*** 
[2026-02-15 15:57:05] [INFO] [system] GET /api/bots 
[2026-02-15 15:57:05] [INFO] [system] GET /api/bots 
[2026-02-15 15:57:11] [INFO] [system] GET /api/logs/stream?token=*** 
[2026-02-15 15:57:11] [INFO] [system] GET /api/bots 
[2026-02-15 15:57:11] [INFO] [system] GET /api/bots 
[2026-02-15 15:57:22] [INFO] [system] GET /api/campaigns 
[2026-02-15 15:57:22] [INFO] [system] GET /api/bots 
[2026-02-15 15:57:22] [INFO] [system] GET /api/channels 
[2026-02-15 15:57:22] [INFO] [system] GET /api/bots 
[2026-02-15 15:57:22] [INFO] [system] GET /api/campaigns 
[2026-02-15 15:57:22] [INFO] [system] GET /api/channels 
[2026-02-15 15:57:24] [INFO] [system] GET /api/campaigns/699187eb8ee36ad8bbdb24bf/chapters 
[2026-02-15 15:57:28] [INFO] [system] POST /api/chapters/699187fb8ee36ad8bbdb24c3/regenerate-image 
[2026-02-15 15:57:43] [INFO] [system] GET /api/campaigns 
[2026-02-15 15:57:43] [INFO] [system] GET /api/bots 
[2026-02-15 15:57:43] [INFO] [system] GET /api/channels 
[2026-02-15 15:57:44] [INFO] [system] GET /api/campaigns/699187eb8ee36ad8bbdb24bf/chapters 
[2026-02-15 15:57:52] [INFO] [system] GET /api/logs/stream?token=*** 
[2026-02-15 15:57:52] [INFO] [system] GET /api/campaigns 
[2026-02-15 15:57:52] [INFO] [system] GET /api/bots 
[2026-02-15 15:57:52] [INFO] [system] GET /api/channels 
[2026-02-15 15:57:52] [INFO] [system] GET /api/bots 
[2026-02-15 15:57:53] [INFO] [system] GET /api/campaigns 
[2026-02-15 15:57:53] [INFO] [system] GET /api/bots 
[2026-02-15 15:57:53] [INFO] [system] GET /api/channels 
[2026-02-15 15:57:53] [INFO] [system] GET /api/bots 
[2026-02-15 15:57:54] [INFO] [system] GET /api/campaigns/699187eb8ee36ad8bbdb24bf/chapters 
[2026-02-15 15:58:03] [INFO] [system] GET /api/campaigns/699187eb8ee36ad8bbdb24bf/chapters 
[2026-02-15 15:58:26] [INFO] [system] DELETE /api/campaigns/699187eb8ee36ad8bbdb24bf 
[2026-02-15 15:58:26] [INFO] [system] GET /api/campaigns 
[2026-02-15 15:58:26] [INFO] [system] GET /api/bots 
[2026-02-15 15:58:26] [INFO] [system] GET /api/channels 
[2026-02-15 15:58:30] [INFO] [system] GET /api/campaigns/699187eb8ee36ad8bbdb24bf/chapters 
[2026-02-15 16:03:18] [INFO] [system] POST /api/campaigns 
[2026-02-15 16:03:18] [INFO] [system] GET /api/campaigns 
[2026-02-15 16:03:18] [INFO] [system] GET /api/bots 
[2026-02-15 16:03:18] [INFO] [system] GET /api/channels 
[2026-02-15 16:03:23] [INFO] [system] POST /api/campaigns/69918bd6119080e1636812a3/generate 
[2026-02-15 16:03:32] [INFO] [system] GET /api/campaigns/69918bd6119080e1636812a3/chapters 
[2026-02-15 16:03:58] [INFO] [system] GET /api/campaigns/69918bd6119080e1636812a3/chapters 
[2026-02-15 16:04:10] [INFO] [system] POST /api/chapters/69918bf0119080e1636812ad/regenerate-image 
[2026-02-15 16:08:41] [INFO] [system] PATCH /api/campaigns/69918bd6119080e1636812a3 
[2026-02-15 16:08:41] [INFO] [system] POST /api/auth/refresh 
[2026-02-15 16:08:41] [INFO] [system] PATCH /api/campaigns/69918bd6119080e1636812a3 
[2026-02-15 16:08:42] [INFO] [system] GET /api/campaigns 
[2026-02-15 16:08:42] [INFO] [system] GET /api/bots 
[2026-02-15 16:08:42] [INFO] [system] GET /api/channels 
[2026-02-15 16:08:44] [INFO] [system] GET /api/campaigns/69918bd6119080e1636812a3/chapters 
[2026-02-15 16:08:53] [INFO] [system] DELETE /api/campaigns/69918c23c33e2c951326a96c 
[2026-02-15 16:08:53] [INFO] [system] GET /api/campaigns 
[2026-02-15 16:08:53] [INFO] [system] GET /api/bots 
[2026-02-15 16:08:53] [INFO] [system] GET /api/channels 
[2026-02-15 16:08:58] [INFO] [system] POST /api/chapters/69918bf0119080e1636812ad/regenerate-content 
[2026-02-15 16:09:12] [INFO] [system] GET /api/campaigns 
[2026-02-15 16:09:12] [INFO] [system] GET /api/bots 
[2026-02-15 16:09:12] [INFO] [system] GET /api/channels 
[2026-02-15 16:09:12] [INFO] [system] GET /api/logs/stream?token=*** 
[2026-02-15 16:09:12] [INFO] [system] GET /api/bots 
[2026-02-15 16:09:12] [INFO] [system] GET /api/campaigns 
[2026-02-15 16:09:12] [INFO] [system] GET /api/channels 
[2026-02-15 16:09:12] [INFO] [system] GET /api/bots 
[2026-02-15 16:09:12] [INFO] [system] GET /api/bots 
[2026-02-15 16:09:41] [INFO] [system] PATCH /api/campaigns/69918bd6119080e1636812a3 
[2026-02-15 16:09:41] [INFO] [system] GET /api/campaigns 
[2026-02-15 16:09:41] [INFO] [system] GET /api/bots 
[2026-02-15 16:09:41] [INFO] [system] GET /api/channels 
[2026-02-15 16:09:46] [INFO] [system] GET /api/campaigns/69918bd6119080e1636812a3/chapters 
[2026-02-15 16:10:26] [INFO] [system] PATCH /api/campaigns/69918bd6119080e1636812a3 
[2026-02-15 16:10:26] [INFO] [system] GET /api/campaigns 
[2026-02-15 16:10:26] [INFO] [system] GET /api/bots 
[2026-02-15 16:10:26] [INFO] [system] GET /api/channels 
[2026-02-15 16:10:46] [INFO] [system] POST /api/chapters/69918bf0119080e1636812ad/regenerate-image 
[2026-02-15 16:12:01] [INFO] [system] GET /api/campaigns 
[2026-02-15 16:12:01] [INFO] [system] GET /api/bots 
[2026-02-15 16:12:01] [INFO] [system] GET /api/channels 
[2026-02-15 16:12:01] [INFO] [system] GET /api/logs/stream?token=*** 
[2026-02-15 16:12:01] [INFO] [system] GET /api/bots 
[2026-02-15 16:12:01] [INFO] [system] GET /api/campaigns 
[2026-02-15 16:12:01] [INFO] [system] GET /api/bots 
[2026-02-15 16:12:01] [INFO] [system] GET /api/channels 
[2026-02-15 16:12:01] [INFO] [system] GET /api/bots 
[2026-02-15 16:12:04] [INFO] [system] GET /api/campaigns/69918bd6119080e1636812a3/chapters 
[2026-02-15 16:15:35] [INFO] [system] POST /api/chapters/69918bf0119080e1636812ad/publish 
[2026-02-15 16:15:36] [INFO] [system] GET /api/campaigns/69918bd6119080e1636812a3/chapters 
[2026-02-15 16:18:08] [INFO] [system] POST /api/campaigns/69918bd6119080e1636812a3/generate 
[2026-02-15 16:18:26] [INFO] [system] POST /api/campaigns/69918bd6119080e1636812a3/generate 
[2026-02-15 16:18:28] [INFO] [system] GET /api/campaigns/69918bd6119080e1636812a3/chapters 
[2026-02-15 16:18:47] [INFO] [system] GET /api/campaigns/69918bd6119080e1636812a3/chapters 
[2026-02-15 16:18:56] [INFO] [system] POST /api/chapters/69918f64119080e163681318/regenerate-image 
[2026-02-15 16:23:13] [INFO] [system] 🤖 Found 1 active bots to initialize. 
[2026-02-15 16:23:16] [INFO] [697fa459e6b424807191fbe2] ✅ alice successfully connected to Discord! 
[2026-02-15 16:23:16] [INFO] [system] 🚀 Alice Dashboard API running at http://localhost:3000 
[2026-02-15 16:23:16] [INFO] [697fa459e6b424807191fbe2] ✅ alice logged in as Alice#4149 
[2026-02-15 16:23:22] [INFO] [system] GET /api/bots 
[2026-02-15 16:23:22] [INFO] [system] GET /api/campaigns 
[2026-02-15 16:23:22] [INFO] [system] GET /api/logs/stream?token=*** 
[2026-02-15 16:23:22] [INFO] [system] GET /api/channels 
[2026-02-15 16:23:22] [INFO] [system] GET /api/bots 
[2026-02-15 16:23:22] [INFO] [system] GET /api/bots 
[2026-02-15 16:23:22] [INFO] [system] GET /api/campaigns 
[2026-02-15 16:23:22] [INFO] [system] GET /api/channels 
[2026-02-15 16:23:22] [INFO] [system] GET /api/bots 
[2026-02-15 16:23:33] [INFO] [system] GET /api/campaigns/69918bd6119080e1636812a3/chapters 
[2026-02-15 16:23:37] [INFO] [system] POST /api/chapters/69918f77119080e16368131c/regenerate-image 
[2026-02-15 16:26:25] [INFO] [system] GET /api/campaigns 
[2026-02-15 16:26:25] [INFO] [system] GET /api/bots 
[2026-02-15 16:26:25] [INFO] [system] GET /api/channels 
[2026-02-15 16:26:25] [INFO] [system] POST /api/auth/refresh 
[2026-02-15 16:26:25] [INFO] [system] POST /api/auth/refresh 
[2026-02-15 16:26:25] [INFO] [system] POST /api/auth/refresh 
[2026-02-15 16:26:25] [INFO] [system] GET /api/campaigns 
[2026-02-15 16:26:25] [INFO] [system] GET /api/bots 
[2026-02-15 16:26:25] [INFO] [system] GET /api/channels 
[2026-02-15 16:27:57] [INFO] [system] GET /api/campaigns/69918bd6119080e1636812a3/chapters 
[2026-02-15 16:28:33] [INFO] [system] GET /api/campaigns 
[2026-02-15 16:28:33] [INFO] [system] GET /api/bots 
[2026-02-15 16:28:33] [INFO] [system] GET /api/logs/stream?token=*** 
[2026-02-15 16:28:33] [INFO] [system] GET /api/channels 
[2026-02-15 16:28:33] [INFO] [system] GET /api/bots 
[2026-02-15 16:28:33] [INFO] [system] GET /api/campaigns 
[2026-02-15 16:28:33] [INFO] [system] GET /api/bots 
[2026-02-15 16:28:33] [INFO] [system] GET /api/channels 
[2026-02-15 16:28:33] [INFO] [system] GET /api/bots 
[2026-02-15 16:28:34] [INFO] [system] GET /api/campaigns/69918bd6119080e1636812a3/chapters 
[2026-02-15 16:28:38] [INFO] [system] POST /api/chapters/69918f64119080e163681318/regenerate-image 
[2026-02-15 16:28:49] [INFO] [system] GET /api/campaigns 
[2026-02-15 16:28:49] [INFO] [system] GET /api/bots 
[2026-02-15 16:28:49] [INFO] [system] GET /api/channels 
[2026-02-15 16:28:49] [INFO] [system] GET /api/bots 
[2026-02-15 16:28:49] [INFO] [system] GET /api/campaigns 
[2026-02-15 16:28:49] [INFO] [system] GET /api/channels 
[2026-02-15 16:28:58] [INFO] [system] GET /api/bots 
[2026-02-15 16:28:58] [INFO] [system] GET /api/guilds 
[2026-02-15 16:28:58] [INFO] [system] GET /api/bots 
[2026-02-15 16:28:58] [INFO] [system] GET /api/guilds 
[2026-02-15 16:29:00] [INFO] [system] GET /api/bots 
[2026-02-15 16:29:00] [INFO] [system] GET /api/channels 
[2026-02-15 16:29:00] [INFO] [system] GET /api/posts 
[2026-02-15 16:29:00] [INFO] [system] GET /api/guilds 
[2026-02-15 16:29:00] [INFO] [system] GET /api/bots 
[2026-02-15 16:29:00] [INFO] [system] GET /api/guilds 
[2026-02-15 16:29:00] [INFO] [system] GET /api/posts 
[2026-02-15 16:29:00] [INFO] [system] GET /api/channels 
[2026-02-15 16:29:03] [INFO] [system] GET /api/bots 
[2026-02-15 16:29:03] [INFO] [system] GET /api/channels 
[2026-02-15 16:29:03] [INFO] [system] GET /api/campaigns 
[2026-02-15 16:29:03] [INFO] [system] GET /api/bots 
[2026-02-15 16:29:03] [INFO] [system] GET /api/channels 
[2026-02-15 16:29:03] [INFO] [system] GET /api/campaigns 
[2026-02-15 16:29:14] [INFO] [system] GET /api/campaigns/69918bd6119080e1636812a3/chapters 
[2026-02-15 16:29:16] [INFO] [system] POST /api/chapters/69918f64119080e163681318/regenerate-image 
[2026-02-15 16:30:33] [INFO] [system] GET /api/campaigns 
[2026-02-15 16:30:33] [INFO] [system] GET /api/bots 
[2026-02-15 16:30:33] [INFO] [system] GET /api/channels 
[2026-02-15 16:30:33] [INFO] [system] GET /api/logs/stream?token=*** 
[2026-02-15 16:30:33] [INFO] [system] GET /api/bots 
[2026-02-15 16:30:33] [INFO] [system] GET /api/campaigns 
[2026-02-15 16:30:33] [INFO] [system] GET /api/bots 
[2026-02-15 16:30:33] [INFO] [system] GET /api/channels 
[2026-02-15 16:30:33] [INFO] [system] GET /api/bots 
[2026-02-15 16:30:54] [INFO] [system] GET /api/campaigns/69918bd6119080e1636812a3/chapters 
[2026-02-15 16:31:08] [INFO] [system] GET /api/campaigns 
[2026-02-15 16:31:08] [INFO] [system] GET /api/bots 
[2026-02-15 16:31:08] [INFO] [system] GET /api/channels 
[2026-02-15 16:31:08] [INFO] [system] GET /api/logs/stream?token=*** 
[2026-02-15 16:31:08] [INFO] [system] GET /api/bots 
[2026-02-15 16:31:08] [INFO] [system] GET /api/campaigns 
[2026-02-15 16:31:08] [INFO] [system] GET /api/bots 
[2026-02-15 16:31:08] [INFO] [system] GET /api/channels 
[2026-02-15 16:31:08] [INFO] [system] GET /api/bots 
[2026-02-15 16:31:09] [INFO] [system] GET /api/campaigns/69918bd6119080e1636812a3/chapters 
[2026-02-15 16:32:44] [INFO] [system] PATCH /api/campaigns/69918bd6119080e1636812a3 
[2026-02-15 16:32:44] [INFO] [system] GET /api/campaigns 
[2026-02-15 16:32:44] [INFO] [system] GET /api/bots 
[2026-02-15 16:32:44] [INFO] [system] GET /api/channels 
[2026-02-15 16:32:58] [INFO] [system] GET /api/campaigns 
[2026-02-15 16:32:58] [INFO] [system] GET /api/bots 
[2026-02-15 16:32:58] [INFO] [system] GET /api/channels 
[2026-02-15 16:32:58] [INFO] [system] GET /api/logs/stream?token=*** 
[2026-02-15 16:32:58] [INFO] [system] GET /api/bots 
[2026-02-15 16:32:58] [INFO] [system] GET /api/campaigns 
[2026-02-15 16:32:58] [INFO] [system] GET /api/channels 
[2026-02-15 16:32:58] [INFO] [system] GET /api/bots 
[2026-02-15 16:32:58] [INFO] [system] GET /api/bots 
[2026-02-15 16:33:46] [INFO] [system] GET /api/campaigns 
[2026-02-15 16:33:46] [INFO] [system] GET /api/bots 
[2026-02-15 16:33:46] [INFO] [system] GET /api/logs/stream?token=*** 
[2026-02-15 16:33:46] [INFO] [system] GET /api/channels 
[2026-02-15 16:33:46] [INFO] [system] GET /api/bots 
[2026-02-15 16:33:46] [INFO] [system] GET /api/campaigns 
[2026-02-15 16:33:46] [INFO] [system] GET /api/bots 
[2026-02-15 16:33:46] [INFO] [system] GET /api/channels 
[2026-02-15 16:33:46] [INFO] [system] GET /api/bots 
[2026-02-15 16:35:35] [INFO] [system] GET /api/campaigns/69918bd6119080e1636812a3/chapters 
[2026-02-15 16:35:40] [INFO] [system] POST /api/chapters/69918f64119080e163681318/regenerate-image 
[2026-02-15 16:37:57] [INFO] [system] GET /api/campaigns/69918bd6119080e1636812a3/chapters 
[2026-02-15 16:37:58] [INFO] [system] GET /api/campaigns/69918bd6119080e1636812a3/chapters 
[2026-02-15 16:37:58] [INFO] [system] GET /api/campaigns/69918bd6119080e1636812a3/chapters 
[2026-02-15 16:37:58] [INFO] [system] GET /api/campaigns/69918bd6119080e1636812a3/chapters 
[2026-02-15 16:37:59] [INFO] [system] GET /api/campaigns/69918bd6119080e1636812a3/chapters 
[2026-02-15 16:37:59] [INFO] [system] GET /api/campaigns/69918bd6119080e1636812a3/chapters 
[2026-02-15 16:37:59] [INFO] [system] GET /api/campaigns/69918bd6119080e1636812a3/chapters 
[2026-02-15 16:37:59] [INFO] [system] GET /api/campaigns/69918bd6119080e1636812a3/chapters 
[2026-02-15 16:37:59] [INFO] [system] GET /api/campaigns/69918bd6119080e1636812a3/chapters 
[2026-02-15 16:38:00] [INFO] [system] GET /api/campaigns/69918bd6119080e1636812a3/chapters 
[2026-02-15 16:38:35] [INFO] [system] POST /api/chapters/69918f64119080e163681318/publish 
[2026-02-15 16:38:36] [INFO] [system] GET /api/campaigns/69918bd6119080e1636812a3/chapters 
